2016-11-05 00:04:31 [scrapy] INFO: Scrapy 1.2.1 started (bot: imdbScraper)
2016-11-05 00:04:31 [scrapy] INFO: Overridden settings: {'NEWSPIDER_MODULE': 'imdbScraper.spiders', 'CONCURRENT_REQUESTS_PER_DOMAIN': 1, 'SPIDER_MODULES': ['imdbScraper.spiders'], 'BOT_NAME': 'imdbScraper', 'USER_AGENT': 'http://www.imdb.com', 'LOG_FILE': './imdbCrawl.log', 'DOWNLOAD_DELAY': 5}
2016-11-05 00:04:31 [scrapy] INFO: Enabled extensions:
['scrapy.extensions.logstats.LogStats',
 'scrapy.extensions.telnet.TelnetConsole',
 'scrapy.extensions.corestats.CoreStats']
2016-11-05 00:04:32 [scrapy] INFO: Enabled downloader middlewares:
['scrapy.downloadermiddlewares.httpauth.HttpAuthMiddleware',
 'scrapy.downloadermiddlewares.downloadtimeout.DownloadTimeoutMiddleware',
 'scrapy.downloadermiddlewares.defaultheaders.DefaultHeadersMiddleware',
 'scrapy.downloadermiddlewares.useragent.UserAgentMiddleware',
 'scrapy.downloadermiddlewares.retry.RetryMiddleware',
 'scrapy.downloadermiddlewares.redirect.MetaRefreshMiddleware',
 'scrapy.downloadermiddlewares.httpcompression.HttpCompressionMiddleware',
 'scrapy.downloadermiddlewares.redirect.RedirectMiddleware',
 'scrapy.downloadermiddlewares.cookies.CookiesMiddleware',
 'scrapy.downloadermiddlewares.chunked.ChunkedTransferMiddleware',
 'scrapy.downloadermiddlewares.stats.DownloaderStats']
2016-11-05 00:04:32 [scrapy] INFO: Enabled spider middlewares:
['scrapy.spidermiddlewares.httperror.HttpErrorMiddleware',
 'scrapy.spidermiddlewares.offsite.OffsiteMiddleware',
 'scrapy.spidermiddlewares.referer.RefererMiddleware',
 'scrapy.spidermiddlewares.urllength.UrlLengthMiddleware',
 'scrapy.spidermiddlewares.depth.DepthMiddleware']
2016-11-05 00:04:32 [scrapy] INFO: Enabled item pipelines:
['imdbScraper.pipelines.ImdbscraperPipeline']
2016-11-05 00:04:32 [scrapy] INFO: Spider opened
2016-11-05 00:04:32 [scrapy] INFO: Crawled 0 pages (at 0 pages/min), scraped 0 items (at 0 items/min)
2016-11-05 00:04:32 [scrapy] DEBUG: Telnet console listening on 127.0.0.1:6023
2016-11-05 00:04:32 [scrapy] INFO: Closing spider (finished)
2016-11-05 00:04:32 [scrapy] INFO: Dumping Scrapy stats:
{'finish_reason': 'finished',
 'finish_time': datetime.datetime(2016, 11, 5, 0, 4, 32, 774000),
 'log_count/DEBUG': 1,
 'log_count/INFO': 7,
 'start_time': datetime.datetime(2016, 11, 5, 0, 4, 32, 749000)}
2016-11-05 00:04:32 [scrapy] INFO: Spider closed (finished)
2016-11-05 00:08:24 [scrapy] INFO: Scrapy 1.2.1 started (bot: imdbScraper)
2016-11-05 00:08:24 [scrapy] INFO: Overridden settings: {'NEWSPIDER_MODULE': 'imdbScraper.spiders', 'CONCURRENT_REQUESTS_PER_DOMAIN': 1, 'SPIDER_MODULES': ['imdbScraper.spiders'], 'BOT_NAME': 'imdbScraper', 'USER_AGENT': 'http://www.imdb.com', 'LOG_FILE': './imdbCrawl.log', 'DOWNLOAD_DELAY': 5}
2016-11-05 00:08:24 [scrapy] INFO: Enabled extensions:
['scrapy.extensions.logstats.LogStats',
 'scrapy.extensions.telnet.TelnetConsole',
 'scrapy.extensions.corestats.CoreStats']
2016-11-05 00:08:25 [scrapy] INFO: Enabled downloader middlewares:
['scrapy.downloadermiddlewares.httpauth.HttpAuthMiddleware',
 'scrapy.downloadermiddlewares.downloadtimeout.DownloadTimeoutMiddleware',
 'scrapy.downloadermiddlewares.defaultheaders.DefaultHeadersMiddleware',
 'scrapy.downloadermiddlewares.useragent.UserAgentMiddleware',
 'scrapy.downloadermiddlewares.retry.RetryMiddleware',
 'scrapy.downloadermiddlewares.redirect.MetaRefreshMiddleware',
 'scrapy.downloadermiddlewares.httpcompression.HttpCompressionMiddleware',
 'scrapy.downloadermiddlewares.redirect.RedirectMiddleware',
 'scrapy.downloadermiddlewares.cookies.CookiesMiddleware',
 'scrapy.downloadermiddlewares.chunked.ChunkedTransferMiddleware',
 'scrapy.downloadermiddlewares.stats.DownloaderStats']
2016-11-05 00:08:25 [scrapy] INFO: Enabled spider middlewares:
['scrapy.spidermiddlewares.httperror.HttpErrorMiddleware',
 'scrapy.spidermiddlewares.offsite.OffsiteMiddleware',
 'scrapy.spidermiddlewares.referer.RefererMiddleware',
 'scrapy.spidermiddlewares.urllength.UrlLengthMiddleware',
 'scrapy.spidermiddlewares.depth.DepthMiddleware']
2016-11-05 00:08:25 [scrapy] INFO: Enabled item pipelines:
['imdbScraper.pipelines.ImdbscraperPipeline']
2016-11-05 00:08:25 [scrapy] INFO: Spider opened
2016-11-05 00:08:25 [scrapy] INFO: Crawled 0 pages (at 0 pages/min), scraped 0 items (at 0 items/min)
2016-11-05 00:08:25 [scrapy] DEBUG: Telnet console listening on 127.0.0.1:6023
2016-11-05 00:08:25 [scrapy] INFO: Closing spider (finished)
2016-11-05 00:08:25 [scrapy] INFO: Dumping Scrapy stats:
{'finish_reason': 'finished',
 'finish_time': datetime.datetime(2016, 11, 5, 0, 8, 25, 753000),
 'log_count/DEBUG': 1,
 'log_count/INFO': 7,
 'start_time': datetime.datetime(2016, 11, 5, 0, 8, 25, 739000)}
2016-11-05 00:08:25 [scrapy] INFO: Spider closed (finished)
2016-11-05 00:09:19 [scrapy] INFO: Scrapy 1.2.1 started (bot: imdbScraper)
2016-11-05 00:09:19 [scrapy] INFO: Overridden settings: {'NEWSPIDER_MODULE': 'imdbScraper.spiders', 'CONCURRENT_REQUESTS_PER_DOMAIN': 1, 'SPIDER_MODULES': ['imdbScraper.spiders'], 'BOT_NAME': 'imdbScraper', 'USER_AGENT': 'http://www.imdb.com', 'LOG_FILE': './imdbCrawl.log', 'DOWNLOAD_DELAY': 5}
2016-11-05 00:09:19 [scrapy] INFO: Enabled extensions:
['scrapy.extensions.logstats.LogStats',
 'scrapy.extensions.telnet.TelnetConsole',
 'scrapy.extensions.corestats.CoreStats']
2016-11-05 00:09:19 [scrapy] INFO: Enabled downloader middlewares:
['scrapy.downloadermiddlewares.httpauth.HttpAuthMiddleware',
 'scrapy.downloadermiddlewares.downloadtimeout.DownloadTimeoutMiddleware',
 'scrapy.downloadermiddlewares.defaultheaders.DefaultHeadersMiddleware',
 'scrapy.downloadermiddlewares.useragent.UserAgentMiddleware',
 'scrapy.downloadermiddlewares.retry.RetryMiddleware',
 'scrapy.downloadermiddlewares.redirect.MetaRefreshMiddleware',
 'scrapy.downloadermiddlewares.httpcompression.HttpCompressionMiddleware',
 'scrapy.downloadermiddlewares.redirect.RedirectMiddleware',
 'scrapy.downloadermiddlewares.cookies.CookiesMiddleware',
 'scrapy.downloadermiddlewares.chunked.ChunkedTransferMiddleware',
 'scrapy.downloadermiddlewares.stats.DownloaderStats']
2016-11-05 00:09:20 [scrapy] INFO: Enabled spider middlewares:
['scrapy.spidermiddlewares.httperror.HttpErrorMiddleware',
 'scrapy.spidermiddlewares.offsite.OffsiteMiddleware',
 'scrapy.spidermiddlewares.referer.RefererMiddleware',
 'scrapy.spidermiddlewares.urllength.UrlLengthMiddleware',
 'scrapy.spidermiddlewares.depth.DepthMiddleware']
2016-11-05 00:09:20 [scrapy] INFO: Enabled item pipelines:
['imdbScraper.pipelines.ImdbscraperPipeline']
2016-11-05 00:09:20 [scrapy] INFO: Spider opened
2016-11-05 00:09:20 [scrapy] INFO: Crawled 0 pages (at 0 pages/min), scraped 0 items (at 0 items/min)
2016-11-05 00:09:20 [scrapy] DEBUG: Telnet console listening on 127.0.0.1:6023
2016-11-05 00:09:20 [scrapy] INFO: Closing spider (finished)
2016-11-05 00:09:20 [scrapy] INFO: Dumping Scrapy stats:
{'finish_reason': 'finished',
 'finish_time': datetime.datetime(2016, 11, 5, 0, 9, 20, 64000),
 'log_count/DEBUG': 1,
 'log_count/INFO': 7,
 'start_time': datetime.datetime(2016, 11, 5, 0, 9, 20, 42000)}
2016-11-05 00:09:20 [scrapy] INFO: Spider closed (finished)
2016-11-05 00:09:47 [scrapy] INFO: Scrapy 1.2.1 started (bot: imdbScraper)
2016-11-05 00:09:47 [scrapy] INFO: Overridden settings: {'NEWSPIDER_MODULE': 'imdbScraper.spiders', 'CONCURRENT_REQUESTS_PER_DOMAIN': 1, 'SPIDER_MODULES': ['imdbScraper.spiders'], 'BOT_NAME': 'imdbScraper', 'USER_AGENT': 'http://www.imdb.com', 'LOG_FILE': './imdbCrawl.log', 'DOWNLOAD_DELAY': 5}
2016-11-05 00:09:47 [scrapy] INFO: Enabled extensions:
['scrapy.extensions.logstats.LogStats',
 'scrapy.extensions.telnet.TelnetConsole',
 'scrapy.extensions.corestats.CoreStats']
2016-11-05 00:09:47 [twisted] CRITICAL: Unhandled error in Deferred:
2016-11-05 00:09:47 [twisted] CRITICAL: 
Traceback (most recent call last):
  File "c:\python27\lib\site-packages\twisted\internet\defer.py", line 1185, in _inlineCallbacks
    result = g.send(result)
  File "c:\python27\lib\site-packages\scrapy\crawler.py", line 90, in crawl
    six.reraise(*exc_info)
  File "c:\python27\lib\site-packages\scrapy\crawler.py", line 71, in crawl
    self.spider = self._create_spider(*args, **kwargs)
  File "c:\python27\lib\site-packages\scrapy\crawler.py", line 94, in _create_spider
    return self.spidercls.from_crawler(self, *args, **kwargs)
  File "c:\python27\lib\site-packages\scrapy\spiders\__init__.py", line 50, in from_crawler
    spider = cls(*args, **kwargs)
  File "C:\Users\mianj\Git\kickass-crawler\imdbScraper\imdbScraper\spiders\imdb_spider.py", line 10, in __init__
    print '->' + self.start_urls
TypeError: cannot concatenate 'str' and 'list' objects
2016-11-05 00:10:05 [scrapy] INFO: Scrapy 1.2.1 started (bot: imdbScraper)
2016-11-05 00:10:05 [scrapy] INFO: Overridden settings: {'NEWSPIDER_MODULE': 'imdbScraper.spiders', 'CONCURRENT_REQUESTS_PER_DOMAIN': 1, 'SPIDER_MODULES': ['imdbScraper.spiders'], 'BOT_NAME': 'imdbScraper', 'USER_AGENT': 'http://www.imdb.com', 'LOG_FILE': './imdbCrawl.log', 'DOWNLOAD_DELAY': 5}
2016-11-05 00:10:05 [scrapy] INFO: Enabled extensions:
['scrapy.extensions.logstats.LogStats',
 'scrapy.extensions.telnet.TelnetConsole',
 'scrapy.extensions.corestats.CoreStats']
2016-11-05 00:10:06 [scrapy] INFO: Enabled downloader middlewares:
['scrapy.downloadermiddlewares.httpauth.HttpAuthMiddleware',
 'scrapy.downloadermiddlewares.downloadtimeout.DownloadTimeoutMiddleware',
 'scrapy.downloadermiddlewares.defaultheaders.DefaultHeadersMiddleware',
 'scrapy.downloadermiddlewares.useragent.UserAgentMiddleware',
 'scrapy.downloadermiddlewares.retry.RetryMiddleware',
 'scrapy.downloadermiddlewares.redirect.MetaRefreshMiddleware',
 'scrapy.downloadermiddlewares.httpcompression.HttpCompressionMiddleware',
 'scrapy.downloadermiddlewares.redirect.RedirectMiddleware',
 'scrapy.downloadermiddlewares.cookies.CookiesMiddleware',
 'scrapy.downloadermiddlewares.chunked.ChunkedTransferMiddleware',
 'scrapy.downloadermiddlewares.stats.DownloaderStats']
2016-11-05 00:10:06 [scrapy] INFO: Enabled spider middlewares:
['scrapy.spidermiddlewares.httperror.HttpErrorMiddleware',
 'scrapy.spidermiddlewares.offsite.OffsiteMiddleware',
 'scrapy.spidermiddlewares.referer.RefererMiddleware',
 'scrapy.spidermiddlewares.urllength.UrlLengthMiddleware',
 'scrapy.spidermiddlewares.depth.DepthMiddleware']
2016-11-05 00:10:06 [scrapy] INFO: Enabled item pipelines:
['imdbScraper.pipelines.ImdbscraperPipeline']
2016-11-05 00:10:06 [scrapy] INFO: Spider opened
2016-11-05 00:10:06 [scrapy] INFO: Crawled 0 pages (at 0 pages/min), scraped 0 items (at 0 items/min)
2016-11-05 00:10:06 [scrapy] DEBUG: Telnet console listening on 127.0.0.1:6023
2016-11-05 00:10:06 [scrapy] INFO: Closing spider (finished)
2016-11-05 00:10:06 [scrapy] INFO: Dumping Scrapy stats:
{'finish_reason': 'finished',
 'finish_time': datetime.datetime(2016, 11, 5, 0, 10, 6, 813000),
 'log_count/DEBUG': 1,
 'log_count/INFO': 7,
 'start_time': datetime.datetime(2016, 11, 5, 0, 10, 6, 798000)}
2016-11-05 00:10:06 [scrapy] INFO: Spider closed (finished)
2016-11-05 00:10:28 [scrapy] INFO: Scrapy 1.2.1 started (bot: imdbScraper)
2016-11-05 00:10:28 [scrapy] INFO: Overridden settings: {'NEWSPIDER_MODULE': 'imdbScraper.spiders', 'CONCURRENT_REQUESTS_PER_DOMAIN': 1, 'SPIDER_MODULES': ['imdbScraper.spiders'], 'BOT_NAME': 'imdbScraper', 'USER_AGENT': 'http://www.imdb.com', 'LOG_FILE': './imdbCrawl.log', 'DOWNLOAD_DELAY': 5}
2016-11-05 00:10:28 [scrapy] INFO: Enabled extensions:
['scrapy.extensions.logstats.LogStats',
 'scrapy.extensions.telnet.TelnetConsole',
 'scrapy.extensions.corestats.CoreStats']
2016-11-05 00:10:29 [scrapy] INFO: Enabled downloader middlewares:
['scrapy.downloadermiddlewares.httpauth.HttpAuthMiddleware',
 'scrapy.downloadermiddlewares.downloadtimeout.DownloadTimeoutMiddleware',
 'scrapy.downloadermiddlewares.defaultheaders.DefaultHeadersMiddleware',
 'scrapy.downloadermiddlewares.useragent.UserAgentMiddleware',
 'scrapy.downloadermiddlewares.retry.RetryMiddleware',
 'scrapy.downloadermiddlewares.redirect.MetaRefreshMiddleware',
 'scrapy.downloadermiddlewares.httpcompression.HttpCompressionMiddleware',
 'scrapy.downloadermiddlewares.redirect.RedirectMiddleware',
 'scrapy.downloadermiddlewares.cookies.CookiesMiddleware',
 'scrapy.downloadermiddlewares.chunked.ChunkedTransferMiddleware',
 'scrapy.downloadermiddlewares.stats.DownloaderStats']
2016-11-05 00:10:29 [scrapy] INFO: Enabled spider middlewares:
['scrapy.spidermiddlewares.httperror.HttpErrorMiddleware',
 'scrapy.spidermiddlewares.offsite.OffsiteMiddleware',
 'scrapy.spidermiddlewares.referer.RefererMiddleware',
 'scrapy.spidermiddlewares.urllength.UrlLengthMiddleware',
 'scrapy.spidermiddlewares.depth.DepthMiddleware']
2016-11-05 00:10:29 [scrapy] INFO: Enabled item pipelines:
['imdbScraper.pipelines.ImdbscraperPipeline']
2016-11-05 00:10:29 [scrapy] INFO: Spider opened
2016-11-05 00:10:29 [scrapy] INFO: Crawled 0 pages (at 0 pages/min), scraped 0 items (at 0 items/min)
2016-11-05 00:10:29 [scrapy] DEBUG: Telnet console listening on 127.0.0.1:6023
2016-11-05 00:10:30 [scrapy] DEBUG: Crawled (200) <GET http://www.imdb.com/> (referer: None)
2016-11-05 00:10:30 [scrapy] ERROR: Spider error processing <GET http://www.imdb.com/> (referer: None)
Traceback (most recent call last):
  File "c:\python27\lib\site-packages\twisted\internet\defer.py", line 587, in _runCallbacks
    current.result = callback(current.result, *args, **kw)
  File "C:\Users\mianj\Git\kickass-crawler\imdbScraper\imdbScraper\spiders\imdb_spider.py", line 14, in parse
    selector = Selector(response)
NameError: global name 'Selector' is not defined
2016-11-05 00:10:30 [scrapy] INFO: Closing spider (finished)
2016-11-05 00:10:30 [scrapy] INFO: Dumping Scrapy stats:
{'downloader/request_bytes': 196,
 'downloader/request_count': 1,
 'downloader/request_method_count/GET': 1,
 'downloader/response_bytes': 33569,
 'downloader/response_count': 1,
 'downloader/response_status_count/200': 1,
 'finish_reason': 'finished',
 'finish_time': datetime.datetime(2016, 11, 5, 0, 10, 30, 706000),
 'log_count/DEBUG': 2,
 'log_count/ERROR': 1,
 'log_count/INFO': 7,
 'response_received_count': 1,
 'scheduler/dequeued': 1,
 'scheduler/dequeued/memory': 1,
 'scheduler/enqueued': 1,
 'scheduler/enqueued/memory': 1,
 'spider_exceptions/NameError': 1,
 'start_time': datetime.datetime(2016, 11, 5, 0, 10, 29, 556000)}
2016-11-05 00:10:30 [scrapy] INFO: Spider closed (finished)
2016-11-05 00:10:49 [scrapy] INFO: Scrapy 1.2.1 started (bot: imdbScraper)
2016-11-05 00:10:49 [scrapy] INFO: Overridden settings: {'NEWSPIDER_MODULE': 'imdbScraper.spiders', 'CONCURRENT_REQUESTS_PER_DOMAIN': 1, 'SPIDER_MODULES': ['imdbScraper.spiders'], 'BOT_NAME': 'imdbScraper', 'USER_AGENT': 'http://www.imdb.com', 'LOG_FILE': './imdbCrawl.log', 'DOWNLOAD_DELAY': 5}
2016-11-05 00:10:49 [scrapy] INFO: Enabled extensions:
['scrapy.extensions.logstats.LogStats',
 'scrapy.extensions.telnet.TelnetConsole',
 'scrapy.extensions.corestats.CoreStats']
2016-11-05 00:10:50 [scrapy] INFO: Enabled downloader middlewares:
['scrapy.downloadermiddlewares.httpauth.HttpAuthMiddleware',
 'scrapy.downloadermiddlewares.downloadtimeout.DownloadTimeoutMiddleware',
 'scrapy.downloadermiddlewares.defaultheaders.DefaultHeadersMiddleware',
 'scrapy.downloadermiddlewares.useragent.UserAgentMiddleware',
 'scrapy.downloadermiddlewares.retry.RetryMiddleware',
 'scrapy.downloadermiddlewares.redirect.MetaRefreshMiddleware',
 'scrapy.downloadermiddlewares.httpcompression.HttpCompressionMiddleware',
 'scrapy.downloadermiddlewares.redirect.RedirectMiddleware',
 'scrapy.downloadermiddlewares.cookies.CookiesMiddleware',
 'scrapy.downloadermiddlewares.chunked.ChunkedTransferMiddleware',
 'scrapy.downloadermiddlewares.stats.DownloaderStats']
2016-11-05 00:10:50 [scrapy] INFO: Enabled spider middlewares:
['scrapy.spidermiddlewares.httperror.HttpErrorMiddleware',
 'scrapy.spidermiddlewares.offsite.OffsiteMiddleware',
 'scrapy.spidermiddlewares.referer.RefererMiddleware',
 'scrapy.spidermiddlewares.urllength.UrlLengthMiddleware',
 'scrapy.spidermiddlewares.depth.DepthMiddleware']
2016-11-05 00:10:50 [scrapy] INFO: Enabled item pipelines:
['imdbScraper.pipelines.ImdbscraperPipeline']
2016-11-05 00:10:50 [scrapy] INFO: Spider opened
2016-11-05 00:10:50 [scrapy] INFO: Crawled 0 pages (at 0 pages/min), scraped 0 items (at 0 items/min)
2016-11-05 00:10:50 [scrapy] DEBUG: Telnet console listening on 127.0.0.1:6023
2016-11-05 00:10:50 [scrapy] DEBUG: Crawled (200) <GET http://www.imdb.com/> (referer: None)
2016-11-05 00:10:51 [scrapy] ERROR: Spider error processing <GET http://www.imdb.com/> (referer: None)
Traceback (most recent call last):
  File "c:\python27\lib\site-packages\twisted\internet\defer.py", line 587, in _runCallbacks
    current.result = callback(current.result, *args, **kw)
  File "C:\Users\mianj\Git\kickass-crawler\imdbScraper\imdbScraper\spiders\imdb_spider.py", line 14, in parse
    selector = Selector(response)
NameError: global name 'Selector' is not defined
2016-11-05 00:10:51 [scrapy] INFO: Closing spider (finished)
2016-11-05 00:10:51 [scrapy] INFO: Dumping Scrapy stats:
{'downloader/request_bytes': 196,
 'downloader/request_count': 1,
 'downloader/request_method_count/GET': 1,
 'downloader/response_bytes': 33554,
 'downloader/response_count': 1,
 'downloader/response_status_count/200': 1,
 'finish_reason': 'finished',
 'finish_time': datetime.datetime(2016, 11, 5, 0, 10, 51, 186000),
 'log_count/DEBUG': 2,
 'log_count/ERROR': 1,
 'log_count/INFO': 7,
 'response_received_count': 1,
 'scheduler/dequeued': 1,
 'scheduler/dequeued/memory': 1,
 'scheduler/enqueued': 1,
 'scheduler/enqueued/memory': 1,
 'spider_exceptions/NameError': 1,
 'start_time': datetime.datetime(2016, 11, 5, 0, 10, 50, 242000)}
2016-11-05 00:10:51 [scrapy] INFO: Spider closed (finished)
2016-11-05 00:13:02 [scrapy] INFO: Scrapy 1.2.1 started (bot: imdbScraper)
2016-11-05 00:13:02 [scrapy] INFO: Overridden settings: {'NEWSPIDER_MODULE': 'imdbScraper.spiders', 'CONCURRENT_REQUESTS_PER_DOMAIN': 1, 'SPIDER_MODULES': ['imdbScraper.spiders'], 'BOT_NAME': 'imdbScraper', 'USER_AGENT': 'http://www.imdb.com', 'LOG_FILE': './imdbCrawl.log', 'DOWNLOAD_DELAY': 5}
2016-11-05 00:13:02 [scrapy] INFO: Enabled extensions:
['scrapy.extensions.logstats.LogStats',
 'scrapy.extensions.telnet.TelnetConsole',
 'scrapy.extensions.corestats.CoreStats']
2016-11-05 00:13:03 [scrapy] INFO: Enabled downloader middlewares:
['scrapy.downloadermiddlewares.httpauth.HttpAuthMiddleware',
 'scrapy.downloadermiddlewares.downloadtimeout.DownloadTimeoutMiddleware',
 'scrapy.downloadermiddlewares.defaultheaders.DefaultHeadersMiddleware',
 'scrapy.downloadermiddlewares.useragent.UserAgentMiddleware',
 'scrapy.downloadermiddlewares.retry.RetryMiddleware',
 'scrapy.downloadermiddlewares.redirect.MetaRefreshMiddleware',
 'scrapy.downloadermiddlewares.httpcompression.HttpCompressionMiddleware',
 'scrapy.downloadermiddlewares.redirect.RedirectMiddleware',
 'scrapy.downloadermiddlewares.cookies.CookiesMiddleware',
 'scrapy.downloadermiddlewares.chunked.ChunkedTransferMiddleware',
 'scrapy.downloadermiddlewares.stats.DownloaderStats']
2016-11-05 00:13:03 [scrapy] INFO: Enabled spider middlewares:
['scrapy.spidermiddlewares.httperror.HttpErrorMiddleware',
 'scrapy.spidermiddlewares.offsite.OffsiteMiddleware',
 'scrapy.spidermiddlewares.referer.RefererMiddleware',
 'scrapy.spidermiddlewares.urllength.UrlLengthMiddleware',
 'scrapy.spidermiddlewares.depth.DepthMiddleware']
2016-11-05 00:13:03 [scrapy] INFO: Enabled item pipelines:
['imdbScraper.pipelines.ImdbscraperPipeline']
2016-11-05 00:13:03 [scrapy] INFO: Spider opened
2016-11-05 00:13:03 [scrapy] INFO: Crawled 0 pages (at 0 pages/min), scraped 0 items (at 0 items/min)
2016-11-05 00:13:03 [scrapy] DEBUG: Telnet console listening on 127.0.0.1:6023
2016-11-05 00:13:04 [scrapy] DEBUG: Crawled (200) <GET http://www.imdb.com/> (referer: None)
2016-11-05 00:13:04 [scrapy] INFO: Closing spider (finished)
2016-11-05 00:13:04 [scrapy] INFO: Dumping Scrapy stats:
{'downloader/request_bytes': 196,
 'downloader/request_count': 1,
 'downloader/request_method_count/GET': 1,
 'downloader/response_bytes': 33539,
 'downloader/response_count': 1,
 'downloader/response_status_count/200': 1,
 'finish_reason': 'finished',
 'finish_time': datetime.datetime(2016, 11, 5, 0, 13, 4, 365000),
 'log_count/DEBUG': 2,
 'log_count/INFO': 7,
 'response_received_count': 1,
 'scheduler/dequeued': 1,
 'scheduler/dequeued/memory': 1,
 'scheduler/enqueued': 1,
 'scheduler/enqueued/memory': 1,
 'start_time': datetime.datetime(2016, 11, 5, 0, 13, 3, 174000)}
2016-11-05 00:13:04 [scrapy] INFO: Spider closed (finished)
2016-11-05 00:17:05 [scrapy] INFO: Scrapy 1.2.1 started (bot: imdbScraper)
2016-11-05 00:17:05 [scrapy] INFO: Overridden settings: {'NEWSPIDER_MODULE': 'imdbScraper.spiders', 'CONCURRENT_REQUESTS_PER_DOMAIN': 1, 'SPIDER_MODULES': ['imdbScraper.spiders'], 'BOT_NAME': 'imdbScraper', 'USER_AGENT': 'http://www.imdb.com', 'LOG_FILE': './imdbCrawl.log', 'DOWNLOAD_DELAY': 5}
2016-11-05 00:17:05 [scrapy] INFO: Enabled extensions:
['scrapy.extensions.logstats.LogStats',
 'scrapy.extensions.telnet.TelnetConsole',
 'scrapy.extensions.corestats.CoreStats']
2016-11-05 00:17:06 [scrapy] INFO: Enabled downloader middlewares:
['scrapy.downloadermiddlewares.httpauth.HttpAuthMiddleware',
 'scrapy.downloadermiddlewares.downloadtimeout.DownloadTimeoutMiddleware',
 'scrapy.downloadermiddlewares.defaultheaders.DefaultHeadersMiddleware',
 'scrapy.downloadermiddlewares.useragent.UserAgentMiddleware',
 'scrapy.downloadermiddlewares.retry.RetryMiddleware',
 'scrapy.downloadermiddlewares.redirect.MetaRefreshMiddleware',
 'scrapy.downloadermiddlewares.httpcompression.HttpCompressionMiddleware',
 'scrapy.downloadermiddlewares.redirect.RedirectMiddleware',
 'scrapy.downloadermiddlewares.cookies.CookiesMiddleware',
 'scrapy.downloadermiddlewares.chunked.ChunkedTransferMiddleware',
 'scrapy.downloadermiddlewares.stats.DownloaderStats']
2016-11-05 00:17:06 [scrapy] INFO: Enabled spider middlewares:
['scrapy.spidermiddlewares.httperror.HttpErrorMiddleware',
 'scrapy.spidermiddlewares.offsite.OffsiteMiddleware',
 'scrapy.spidermiddlewares.referer.RefererMiddleware',
 'scrapy.spidermiddlewares.urllength.UrlLengthMiddleware',
 'scrapy.spidermiddlewares.depth.DepthMiddleware']
2016-11-05 00:17:06 [scrapy] INFO: Enabled item pipelines:
['imdbScraper.pipelines.ImdbscraperPipeline']
2016-11-05 00:17:06 [scrapy] INFO: Spider opened
2016-11-05 00:17:06 [scrapy] INFO: Crawled 0 pages (at 0 pages/min), scraped 0 items (at 0 items/min)
2016-11-05 00:17:06 [scrapy] DEBUG: Telnet console listening on 127.0.0.1:6023
2016-11-05 00:17:07 [scrapy] DEBUG: Crawled (200) <GET http://www.imdb.com/> (referer: None)
2016-11-05 00:17:07 [scrapy] INFO: Closing spider (finished)
2016-11-05 00:17:07 [scrapy] INFO: Dumping Scrapy stats:
{'downloader/request_bytes': 196,
 'downloader/request_count': 1,
 'downloader/request_method_count/GET': 1,
 'downloader/response_bytes': 33529,
 'downloader/response_count': 1,
 'downloader/response_status_count/200': 1,
 'finish_reason': 'finished',
 'finish_time': datetime.datetime(2016, 11, 5, 0, 17, 7, 593000),
 'log_count/DEBUG': 2,
 'log_count/INFO': 7,
 'response_received_count': 1,
 'scheduler/dequeued': 1,
 'scheduler/dequeued/memory': 1,
 'scheduler/enqueued': 1,
 'scheduler/enqueued/memory': 1,
 'start_time': datetime.datetime(2016, 11, 5, 0, 17, 6, 422000)}
2016-11-05 00:17:07 [scrapy] INFO: Spider closed (finished)
