2016-02-08 22:44:36 [scrapy] INFO: Scrapy 1.0.4 started (bot: kickass)
2016-02-08 22:44:36 [scrapy] INFO: Optional features available: ssl, http11
2016-02-08 22:44:36 [scrapy] INFO: Overridden settings: {'NEWSPIDER_MODULE': 'kickass.spiders', 'CONCURRENT_REQUESTS_PER_DOMAIN': 1, 'RANDOMIZE_DOWNLOAD_DELAY': False, 'SPIDER_MODULES': ['kickass.spiders'], 'BOT_NAME': 'kickass', 'USER_AGENT': 'http://www.kickass.to)', 'LOG_FILE': './kickass.log', 'DOWNLOAD_DELAY': 5}
2016-02-08 22:44:36 [scrapy] INFO: Enabled extensions: CloseSpider, TelnetConsole, LogStats, CoreStats, SpiderState
2016-02-08 22:44:36 [scrapy] INFO: Enabled downloader middlewares: HttpAuthMiddleware, DownloadTimeoutMiddleware, UserAgentMiddleware, RetryMiddleware, DefaultHeadersMiddleware, MetaRefreshMiddleware, HttpCompressionMiddleware, RedirectMiddleware, CookiesMiddleware, ChunkedTransferMiddleware, DownloaderStats
2016-02-08 22:44:36 [scrapy] INFO: Enabled spider middlewares: HttpErrorMiddleware, OffsiteMiddleware, RefererMiddleware, UrlLengthMiddleware, DepthMiddleware
2016-02-08 22:44:36 [py.warnings] WARNING: /usr/local/lib/python2.7/dist-packages/scrapy/pipelines/__init__.py:21: ScrapyDeprecationWarning: ITEM_PIPELINES defined as a list or a set is deprecated, switch to a dict
  category=ScrapyDeprecationWarning, stacklevel=1)

2016-02-08 22:44:36 [scrapy] INFO: Enabled item pipelines: KickassPipeline
2016-02-08 22:44:36 [scrapy] INFO: Spider opened
2016-02-08 22:44:36 [scrapy] INFO: Crawled 0 pages (at 0 pages/min), scraped 0 items (at 0 items/min)
2016-02-08 22:44:36 [scrapy] DEBUG: Telnet console listening on 127.0.0.1:6023
2016-02-08 22:44:36 [scrapy] DEBUG: Redirecting (301) to <GET http://kat.cr/usearch/one%20punch%20man%20category:anime/?field=seeders&sorder=desc> from <GET http://kat.ph/usearch/one%20punch%20man%20category:anime/?field=seeders&sorder=desc>
2016-02-08 22:44:41 [scrapy] DEBUG: Redirecting (301) to <GET https://kat.cr/usearch/one%20punch%20man%20category:anime/?field=seeders&sorder=desc> from <GET http://kat.cr/usearch/one%20punch%20man%20category:anime/?field=seeders&sorder=desc>
2016-02-08 22:44:47 [scrapy] DEBUG: Crawled (200) <GET https://kat.cr/usearch/one%20punch%20man%20category:anime/?field=seeders&sorder=desc> (referer: None)
2016-02-08 22:44:47 [py.warnings] WARNING: /home/freitas/Downloads/kickass/kickass/spiders/kickass_spider.py:45: ScrapyDeprecationWarning: Call to deprecated function select. Use .xpath() instead.
  item['title'] = entry.select('td[1]/div[2]/div[1]/a[1]/text()').extract()

2016-02-08 22:44:47 [py.warnings] WARNING: /home/freitas/Downloads/kickass/kickass/spiders/kickass_spider.py:47: ScrapyDeprecationWarning: Call to deprecated function select. Use .xpath() instead.
  item['url'] = entry.select('td[1]/div[2]/a[2]/@href').extract()

2016-02-08 22:44:47 [py.warnings] WARNING: /home/freitas/Downloads/kickass/kickass/spiders/kickass_spider.py:49: ScrapyDeprecationWarning: Call to deprecated function select. Use .xpath() instead.
  item['torrent'] = entry.select('td[1]/div[1]/a[starts-with(@title,"Download torrent file")]/@href').extract()

2016-02-08 22:44:47 [py.warnings] WARNING: /home/freitas/Downloads/kickass/kickass/spiders/kickass_spider.py:51: ScrapyDeprecationWarning: Call to deprecated function select. Use .xpath() instead.
  item['size'] = entry.select('td[2]/text()[1]').extract()

2016-02-08 22:44:47 [py.warnings] WARNING: /home/freitas/Downloads/kickass/kickass/spiders/kickass_spider.py:53: ScrapyDeprecationWarning: Call to deprecated function select. Use .xpath() instead.
  item['sizeType'] = entry.select('td[2]/span/text()').extract()

2016-02-08 22:44:47 [py.warnings] WARNING: /home/freitas/Downloads/kickass/kickass/spiders/kickass_spider.py:55: ScrapyDeprecationWarning: Call to deprecated function select. Use .xpath() instead.
  item['age'] = entry.select('td[4]/text()').extract()

2016-02-08 22:44:47 [py.warnings] WARNING: /home/freitas/Downloads/kickass/kickass/spiders/kickass_spider.py:57: ScrapyDeprecationWarning: Call to deprecated function select. Use .xpath() instead.
  item['seed'] = entry.select('td[5]/text()').extract()

2016-02-08 22:44:47 [py.warnings] WARNING: /home/freitas/Downloads/kickass/kickass/spiders/kickass_spider.py:59: ScrapyDeprecationWarning: Call to deprecated function select. Use .xpath() instead.
  item['leech'] = entry.select('td[6]/text()').extract()

2016-02-08 22:45:06 [scrapy] ERROR: Spider error processing <GET https://kat.cr/usearch/one%20punch%20man%20category:anime/?field=seeders&sorder=desc> (referer: None)
Traceback (most recent call last):
  File "/usr/local/lib/python2.7/dist-packages/twisted/internet/defer.py", line 588, in _runCallbacks
    current.result = callback(current.result, *args, **kw)
  File "/home/freitas/Downloads/kickass/kickass/spiders/kickass_spider.py", line 38, in parse
    selector = Selector(response)
  File "/usr/local/lib/python2.7/dist-packages/scrapy/selector/unified.py", line 80, in __init__
    _root = LxmlDocument(response, self._parser)
  File "/usr/local/lib/python2.7/dist-packages/scrapy/selector/lxmldocument.py", line 24, in __new__
    cache = cls.cache.setdefault(response, {})
  File "/usr/lib/python2.7/weakref.py", line 433, in setdefault
    return self.data.setdefault(ref(key, self._remove),default)
TypeError: cannot create weak reference to 'str' object
2016-02-08 22:45:06 [scrapy] INFO: Closing spider (finished)
2016-02-08 22:45:06 [scrapy] INFO: Dumping Scrapy stats:
{'downloader/request_bytes': 786,
 'downloader/request_count': 3,
 'downloader/request_method_count/GET': 3,
 'downloader/response_bytes': 15173,
 'downloader/response_count': 3,
 'downloader/response_status_count/200': 1,
 'downloader/response_status_count/301': 2,
 'finish_reason': 'finished',
 'finish_time': datetime.datetime(2016, 2, 8, 22, 45, 6, 591027),
 'log_count/DEBUG': 4,
 'log_count/ERROR': 1,
 'log_count/INFO': 7,
 'log_count/WARNING': 9,
 'response_received_count': 1,
 'scheduler/dequeued': 3,
 'scheduler/dequeued/memory': 3,
 'scheduler/enqueued': 3,
 'scheduler/enqueued/memory': 3,
 'spider_exceptions/TypeError': 1,
 'start_time': datetime.datetime(2016, 2, 8, 22, 44, 36, 566271)}
2016-02-08 22:45:06 [scrapy] INFO: Spider closed (finished)
2016-02-08 22:45:36 [scrapy] INFO: Scrapy 1.0.4 started (bot: kickass)
2016-02-08 22:45:36 [scrapy] INFO: Optional features available: ssl, http11
2016-02-08 22:45:36 [scrapy] INFO: Overridden settings: {'NEWSPIDER_MODULE': 'kickass.spiders', 'CONCURRENT_REQUESTS_PER_DOMAIN': 1, 'RANDOMIZE_DOWNLOAD_DELAY': False, 'SPIDER_MODULES': ['kickass.spiders'], 'BOT_NAME': 'kickass', 'USER_AGENT': 'http://www.kickass.to)', 'LOG_FILE': './kickass.log', 'DOWNLOAD_DELAY': 5}
2016-02-08 22:45:36 [scrapy] INFO: Enabled extensions: CloseSpider, TelnetConsole, LogStats, CoreStats, SpiderState
2016-02-08 22:45:36 [scrapy] INFO: Enabled downloader middlewares: HttpAuthMiddleware, DownloadTimeoutMiddleware, UserAgentMiddleware, RetryMiddleware, DefaultHeadersMiddleware, MetaRefreshMiddleware, HttpCompressionMiddleware, RedirectMiddleware, CookiesMiddleware, ChunkedTransferMiddleware, DownloaderStats
2016-02-08 22:45:36 [scrapy] INFO: Enabled spider middlewares: HttpErrorMiddleware, OffsiteMiddleware, RefererMiddleware, UrlLengthMiddleware, DepthMiddleware
2016-02-08 22:45:36 [py.warnings] WARNING: /usr/local/lib/python2.7/dist-packages/scrapy/pipelines/__init__.py:21: ScrapyDeprecationWarning: ITEM_PIPELINES defined as a list or a set is deprecated, switch to a dict
  category=ScrapyDeprecationWarning, stacklevel=1)

2016-02-08 22:45:36 [scrapy] INFO: Enabled item pipelines: KickassPipeline
2016-02-08 22:45:36 [scrapy] INFO: Spider opened
2016-02-08 22:45:36 [scrapy] INFO: Crawled 0 pages (at 0 pages/min), scraped 0 items (at 0 items/min)
2016-02-08 22:45:36 [scrapy] DEBUG: Telnet console listening on 127.0.0.1:6023
2016-02-08 22:45:37 [scrapy] DEBUG: Redirecting (301) to <GET http://kat.cr/usearch/one%20punch%20man%20category:anime/?field=seeders&sorder=desc> from <GET http://kat.ph/usearch/one%20punch%20man%20category:anime/?field=seeders&sorder=desc>
2016-02-08 22:45:42 [scrapy] DEBUG: Redirecting (301) to <GET https://kat.cr/usearch/one%20punch%20man%20category:anime/?field=seeders&sorder=desc> from <GET http://kat.cr/usearch/one%20punch%20man%20category:anime/?field=seeders&sorder=desc>
2016-02-08 22:45:47 [scrapy] DEBUG: Crawled (200) <GET https://kat.cr/usearch/one%20punch%20man%20category:anime/?field=seeders&sorder=desc> (referer: None)
2016-02-08 22:45:47 [py.warnings] WARNING: /home/freitas/Downloads/kickass/kickass/spiders/kickass_spider.py:46: ScrapyDeprecationWarning: Call to deprecated function select. Use .xpath() instead.
  item['title'] = entry.select('td[1]/div[2]/div[1]/a[1]/text()').extract()

2016-02-08 22:45:47 [py.warnings] WARNING: /home/freitas/Downloads/kickass/kickass/spiders/kickass_spider.py:48: ScrapyDeprecationWarning: Call to deprecated function select. Use .xpath() instead.
  item['url'] = entry.select('td[1]/div[2]/a[2]/@href').extract()

2016-02-08 22:45:47 [py.warnings] WARNING: /home/freitas/Downloads/kickass/kickass/spiders/kickass_spider.py:50: ScrapyDeprecationWarning: Call to deprecated function select. Use .xpath() instead.
  item['torrent'] = entry.select('td[1]/div[1]/a[starts-with(@title,"Download torrent file")]/@href').extract()

2016-02-08 22:45:47 [py.warnings] WARNING: /home/freitas/Downloads/kickass/kickass/spiders/kickass_spider.py:52: ScrapyDeprecationWarning: Call to deprecated function select. Use .xpath() instead.
  item['size'] = entry.select('td[2]/text()[1]').extract()

2016-02-08 22:45:47 [py.warnings] WARNING: /home/freitas/Downloads/kickass/kickass/spiders/kickass_spider.py:54: ScrapyDeprecationWarning: Call to deprecated function select. Use .xpath() instead.
  item['sizeType'] = entry.select('td[2]/span/text()').extract()

2016-02-08 22:45:47 [py.warnings] WARNING: /home/freitas/Downloads/kickass/kickass/spiders/kickass_spider.py:56: ScrapyDeprecationWarning: Call to deprecated function select. Use .xpath() instead.
  item['age'] = entry.select('td[4]/text()').extract()

2016-02-08 22:45:47 [py.warnings] WARNING: /home/freitas/Downloads/kickass/kickass/spiders/kickass_spider.py:58: ScrapyDeprecationWarning: Call to deprecated function select. Use .xpath() instead.
  item['seed'] = entry.select('td[5]/text()').extract()

2016-02-08 22:45:47 [py.warnings] WARNING: /home/freitas/Downloads/kickass/kickass/spiders/kickass_spider.py:60: ScrapyDeprecationWarning: Call to deprecated function select. Use .xpath() instead.
  item['leech'] = entry.select('td[6]/text()').extract()

2016-02-08 22:55:35 [scrapy] INFO: Scrapy 1.0.4 started (bot: kickass)
2016-02-08 22:55:35 [scrapy] INFO: Optional features available: ssl, http11
2016-02-08 22:55:35 [scrapy] INFO: Overridden settings: {'NEWSPIDER_MODULE': 'kickass.spiders', 'CONCURRENT_REQUESTS_PER_DOMAIN': 1, 'RANDOMIZE_DOWNLOAD_DELAY': False, 'SPIDER_MODULES': ['kickass.spiders'], 'BOT_NAME': 'kickass', 'USER_AGENT': 'http://www.kickass.to)', 'LOG_FILE': './kickass.log', 'DOWNLOAD_DELAY': 5}
2016-02-08 22:55:35 [scrapy] INFO: Enabled extensions: CloseSpider, TelnetConsole, LogStats, CoreStats, SpiderState
2016-02-08 22:55:35 [scrapy] INFO: Enabled downloader middlewares: HttpAuthMiddleware, DownloadTimeoutMiddleware, UserAgentMiddleware, RetryMiddleware, DefaultHeadersMiddleware, MetaRefreshMiddleware, HttpCompressionMiddleware, RedirectMiddleware, CookiesMiddleware, ChunkedTransferMiddleware, DownloaderStats
2016-02-08 22:55:35 [scrapy] INFO: Enabled spider middlewares: HttpErrorMiddleware, OffsiteMiddleware, RefererMiddleware, UrlLengthMiddleware, DepthMiddleware
2016-02-08 22:55:35 [py.warnings] WARNING: /usr/local/lib/python2.7/dist-packages/scrapy/pipelines/__init__.py:21: ScrapyDeprecationWarning: ITEM_PIPELINES defined as a list or a set is deprecated, switch to a dict
  category=ScrapyDeprecationWarning, stacklevel=1)

2016-02-08 22:55:35 [scrapy] INFO: Enabled item pipelines: KickassPipeline
2016-02-08 22:55:35 [scrapy] INFO: Spider opened
2016-02-08 22:55:35 [scrapy] INFO: Crawled 0 pages (at 0 pages/min), scraped 0 items (at 0 items/min)
2016-02-08 22:55:35 [scrapy] DEBUG: Telnet console listening on 127.0.0.1:6023
2016-02-08 22:55:35 [scrapy] DEBUG: Redirecting (301) to <GET http://kat.cr/usearch/batman%20category:movies/?field=seeders&sorder=desc> from <GET http://kat.ph/usearch/batman%20category:movies/?field=seeders&sorder=desc>
2016-02-08 22:55:40 [scrapy] DEBUG: Redirecting (301) to <GET https://kat.cr/usearch/batman%20category:movies/?field=seeders&sorder=desc> from <GET http://kat.cr/usearch/batman%20category:movies/?field=seeders&sorder=desc>
2016-02-08 22:55:46 [scrapy] DEBUG: Crawled (200) <GET https://kat.cr/usearch/batman%20category:movies/?field=seeders&sorder=desc> (referer: None)
2016-02-08 22:55:46 [py.warnings] WARNING: /home/freitas/Downloads/kickass/kickass/spiders/kickass_spider.py:43: ScrapyDeprecationWarning: Call to deprecated function select. Use .xpath() instead.
  item['title'] = entry.select('td[1]/div[2]/div[1]/a[1]/text()').extract()

2016-02-08 22:55:46 [py.warnings] WARNING: /home/freitas/Downloads/kickass/kickass/spiders/kickass_spider.py:45: ScrapyDeprecationWarning: Call to deprecated function select. Use .xpath() instead.
  item['url'] = entry.select('td[1]/div[2]/a[2]/@href').extract()

2016-02-08 22:55:46 [py.warnings] WARNING: /home/freitas/Downloads/kickass/kickass/spiders/kickass_spider.py:47: ScrapyDeprecationWarning: Call to deprecated function select. Use .xpath() instead.
  item['torrent'] = entry.select('td[1]/div[1]/a[starts-with(@title,"Download torrent file")]/@href').extract()

2016-02-08 22:55:46 [py.warnings] WARNING: /home/freitas/Downloads/kickass/kickass/spiders/kickass_spider.py:49: ScrapyDeprecationWarning: Call to deprecated function select. Use .xpath() instead.
  item['size'] = entry.select('td[2]/text()[1]').extract()

2016-02-08 22:55:46 [py.warnings] WARNING: /home/freitas/Downloads/kickass/kickass/spiders/kickass_spider.py:51: ScrapyDeprecationWarning: Call to deprecated function select. Use .xpath() instead.
  item['sizeType'] = entry.select('td[2]/span/text()').extract()

2016-02-08 22:55:46 [py.warnings] WARNING: /home/freitas/Downloads/kickass/kickass/spiders/kickass_spider.py:53: ScrapyDeprecationWarning: Call to deprecated function select. Use .xpath() instead.
  item['age'] = entry.select('td[4]/text()').extract()

2016-02-08 22:55:46 [py.warnings] WARNING: /home/freitas/Downloads/kickass/kickass/spiders/kickass_spider.py:55: ScrapyDeprecationWarning: Call to deprecated function select. Use .xpath() instead.
  item['seed'] = entry.select('td[5]/text()').extract()

2016-02-08 22:55:46 [py.warnings] WARNING: /home/freitas/Downloads/kickass/kickass/spiders/kickass_spider.py:57: ScrapyDeprecationWarning: Call to deprecated function select. Use .xpath() instead.
  item['leech'] = entry.select('td[6]/text()').extract()

2016-02-08 22:56:22 [scrapy] INFO: Closing spider (finished)
2016-02-08 22:56:22 [scrapy] INFO: Dumping Scrapy stats:
{'downloader/request_bytes': 756,
 'downloader/request_count': 3,
 'downloader/request_method_count/GET': 3,
 'downloader/response_bytes': 15888,
 'downloader/response_count': 3,
 'downloader/response_status_count/200': 1,
 'downloader/response_status_count/301': 2,
 'finish_reason': 'finished',
 'finish_time': datetime.datetime(2016, 2, 8, 22, 56, 22, 679546),
 'log_count/DEBUG': 4,
 'log_count/INFO': 7,
 'log_count/WARNING': 9,
 'response_received_count': 1,
 'scheduler/dequeued': 3,
 'scheduler/dequeued/memory': 3,
 'scheduler/enqueued': 3,
 'scheduler/enqueued/memory': 3,
 'start_time': datetime.datetime(2016, 2, 8, 22, 55, 35, 517495)}
2016-02-08 22:56:22 [scrapy] INFO: Spider closed (finished)
2016-02-09 17:15:12 [scrapy] INFO: Scrapy 1.0.4 started (bot: kickass)
2016-02-09 17:15:12 [scrapy] INFO: Optional features available: ssl, http11
2016-02-09 17:15:12 [scrapy] INFO: Overridden settings: {'NEWSPIDER_MODULE': 'kickass.spiders', 'CONCURRENT_REQUESTS_PER_DOMAIN': 1, 'RANDOMIZE_DOWNLOAD_DELAY': False, 'SPIDER_MODULES': ['kickass.spiders'], 'BOT_NAME': 'kickass', 'USER_AGENT': 'http://www.kickass.to)', 'LOG_FILE': './kickass.log', 'DOWNLOAD_DELAY': 5}
2016-02-09 17:15:13 [scrapy] INFO: Enabled extensions: CloseSpider, TelnetConsole, LogStats, CoreStats, SpiderState
2016-02-09 17:15:13 [scrapy] INFO: Enabled downloader middlewares: HttpAuthMiddleware, DownloadTimeoutMiddleware, UserAgentMiddleware, RetryMiddleware, DefaultHeadersMiddleware, MetaRefreshMiddleware, HttpCompressionMiddleware, RedirectMiddleware, CookiesMiddleware, ChunkedTransferMiddleware, DownloaderStats
2016-02-09 17:15:13 [scrapy] INFO: Enabled spider middlewares: HttpErrorMiddleware, OffsiteMiddleware, RefererMiddleware, UrlLengthMiddleware, DepthMiddleware
2016-02-09 17:15:13 [py.warnings] WARNING: /usr/local/lib/python2.7/dist-packages/scrapy/pipelines/__init__.py:21: ScrapyDeprecationWarning: ITEM_PIPELINES defined as a list or a set is deprecated, switch to a dict
  category=ScrapyDeprecationWarning, stacklevel=1)

2016-02-09 17:15:13 [scrapy] INFO: Enabled item pipelines: KickassPipeline
2016-02-09 17:15:13 [scrapy] INFO: Spider opened
2016-02-09 17:15:14 [scrapy] INFO: Crawled 0 pages (at 0 pages/min), scraped 0 items (at 0 items/min)
2016-02-09 17:15:14 [scrapy] DEBUG: Telnet console listening on 127.0.0.1:6023
2016-02-09 17:16:14 [scrapy] INFO: Crawled 0 pages (at 0 pages/min), scraped 0 items (at 0 items/min)
2016-02-09 17:17:14 [scrapy] INFO: Crawled 0 pages (at 0 pages/min), scraped 0 items (at 0 items/min)
2016-02-09 17:17:21 [scrapy] DEBUG: Retrying <GET http://kat.ph/usearch/the%20witness%20category:games/?field=seeders&sorder=desc> (failed 1 times): TCP connection timed out: 110: Connection timed out.
2016-02-09 17:17:24 [scrapy] INFO: Scrapy 1.0.4 started (bot: kickass)
2016-02-09 17:17:24 [scrapy] INFO: Optional features available: ssl, http11
2016-02-09 17:17:24 [scrapy] INFO: Overridden settings: {'NEWSPIDER_MODULE': 'kickass.spiders', 'CONCURRENT_REQUESTS_PER_DOMAIN': 1, 'RANDOMIZE_DOWNLOAD_DELAY': False, 'SPIDER_MODULES': ['kickass.spiders'], 'BOT_NAME': 'kickass', 'USER_AGENT': 'http://www.kickass.to)', 'LOG_FILE': './kickass.log', 'DOWNLOAD_DELAY': 5}
2016-02-09 17:17:24 [scrapy] INFO: Enabled extensions: CloseSpider, TelnetConsole, LogStats, CoreStats, SpiderState
2016-02-09 17:17:24 [scrapy] INFO: Enabled downloader middlewares: HttpAuthMiddleware, DownloadTimeoutMiddleware, UserAgentMiddleware, RetryMiddleware, DefaultHeadersMiddleware, MetaRefreshMiddleware, HttpCompressionMiddleware, RedirectMiddleware, CookiesMiddleware, ChunkedTransferMiddleware, DownloaderStats
2016-02-09 17:17:24 [scrapy] INFO: Enabled spider middlewares: HttpErrorMiddleware, OffsiteMiddleware, RefererMiddleware, UrlLengthMiddleware, DepthMiddleware
2016-02-09 17:17:24 [py.warnings] WARNING: /usr/local/lib/python2.7/dist-packages/scrapy/pipelines/__init__.py:21: ScrapyDeprecationWarning: ITEM_PIPELINES defined as a list or a set is deprecated, switch to a dict
  category=ScrapyDeprecationWarning, stacklevel=1)

2016-02-09 17:17:24 [scrapy] INFO: Enabled item pipelines: KickassPipeline
2016-02-09 17:17:24 [scrapy] INFO: Spider opened
2016-02-09 17:17:24 [scrapy] INFO: Crawled 0 pages (at 0 pages/min), scraped 0 items (at 0 items/min)
2016-02-09 17:17:24 [scrapy] DEBUG: Telnet console listening on 127.0.0.1:6023
2016-02-09 17:17:25 [scrapy] DEBUG: Redirecting (301) to <GET http://kat.cr/usearch/batman%20category:movies/?field=seeders&sorder=desc> from <GET http://kat.ph/usearch/batman%20category:movies/?field=seeders&sorder=desc>
2016-02-09 17:17:29 [scrapy] INFO: Received SIGINT, shutting down gracefully. Send again to force 
2016-02-09 17:17:29 [scrapy] INFO: Closing spider (shutdown)
2016-02-09 17:17:29 [scrapy] DEBUG: Redirecting (302) to <GET http://kat.cr/index.html?field=seeders&sorder=desc> from <GET http://kat.cr/usearch/batman%20category:movies/?field=seeders&sorder=desc>
2016-02-09 17:17:29 [scrapy] INFO: Dumping Scrapy stats:
{'downloader/request_bytes': 504,
 'downloader/request_count': 2,
 'downloader/request_method_count/GET': 2,
 'downloader/response_bytes': 875,
 'downloader/response_count': 2,
 'downloader/response_status_count/301': 1,
 'downloader/response_status_count/302': 1,
 'finish_reason': 'shutdown',
 'finish_time': datetime.datetime(2016, 2, 9, 17, 17, 29, 802022),
 'log_count/DEBUG': 3,
 'log_count/INFO': 8,
 'log_count/WARNING': 1,
 'scheduler/dequeued': 2,
 'scheduler/dequeued/memory': 2,
 'scheduler/enqueued': 3,
 'scheduler/enqueued/memory': 3,
 'start_time': datetime.datetime(2016, 2, 9, 17, 17, 24, 737869)}
2016-02-09 17:17:29 [scrapy] INFO: Spider closed (shutdown)
2016-02-09 17:17:50 [scrapy] INFO: Scrapy 1.0.4 started (bot: kickass)
2016-02-09 17:17:50 [scrapy] INFO: Optional features available: ssl, http11
2016-02-09 17:17:50 [scrapy] INFO: Overridden settings: {'NEWSPIDER_MODULE': 'kickass.spiders', 'CONCURRENT_REQUESTS_PER_DOMAIN': 1, 'RANDOMIZE_DOWNLOAD_DELAY': False, 'SPIDER_MODULES': ['kickass.spiders'], 'BOT_NAME': 'kickass', 'USER_AGENT': 'http://www.kickass.to)', 'LOG_FILE': './kickass.log', 'DOWNLOAD_DELAY': 5}
2016-02-09 17:17:50 [scrapy] INFO: Enabled extensions: CloseSpider, TelnetConsole, LogStats, CoreStats, SpiderState
2016-02-09 17:17:50 [scrapy] INFO: Enabled downloader middlewares: HttpAuthMiddleware, DownloadTimeoutMiddleware, UserAgentMiddleware, RetryMiddleware, DefaultHeadersMiddleware, MetaRefreshMiddleware, HttpCompressionMiddleware, RedirectMiddleware, CookiesMiddleware, ChunkedTransferMiddleware, DownloaderStats
2016-02-09 17:17:50 [scrapy] INFO: Enabled spider middlewares: HttpErrorMiddleware, OffsiteMiddleware, RefererMiddleware, UrlLengthMiddleware, DepthMiddleware
2016-02-09 17:17:50 [py.warnings] WARNING: /usr/local/lib/python2.7/dist-packages/scrapy/pipelines/__init__.py:21: ScrapyDeprecationWarning: ITEM_PIPELINES defined as a list or a set is deprecated, switch to a dict
  category=ScrapyDeprecationWarning, stacklevel=1)

2016-02-09 17:17:50 [scrapy] INFO: Enabled item pipelines: KickassPipeline
2016-02-09 17:17:50 [scrapy] INFO: Spider opened
2016-02-09 17:17:50 [scrapy] INFO: Crawled 0 pages (at 0 pages/min), scraped 0 items (at 0 items/min)
2016-02-09 17:17:50 [scrapy] DEBUG: Telnet console listening on 127.0.0.1:6023
2016-02-09 17:17:51 [scrapy] DEBUG: Redirecting (301) to <GET http://kat.cr/usearch/the%20witness%20category:games/?field=seeders&sorder=desc> from <GET http://kat.ph/usearch/the%20witness%20category:games/?field=seeders&sorder=desc>
2016-02-09 17:17:55 [scrapy] DEBUG: Redirecting (302) to <GET http://kat.cr/index.html?field=seeders&sorder=desc> from <GET http://kat.cr/usearch/the%20witness%20category:games/?field=seeders&sorder=desc>
2016-02-09 17:18:00 [scrapy] DEBUG: Crawled (200) <GET http://kat.cr/index.html?field=seeders&sorder=desc> (referer: None)
2016-02-09 17:18:00 [scrapy] INFO: Closing spider (finished)
2016-02-09 17:18:00 [scrapy] INFO: Dumping Scrapy stats:
{'downloader/request_bytes': 745,
 'downloader/request_count': 3,
 'downloader/request_method_count/GET': 3,
 'downloader/response_bytes': 1874,
 'downloader/response_count': 3,
 'downloader/response_status_count/200': 1,
 'downloader/response_status_count/301': 1,
 'downloader/response_status_count/302': 1,
 'finish_reason': 'finished',
 'finish_time': datetime.datetime(2016, 2, 9, 17, 18, 0, 988074),
 'log_count/DEBUG': 4,
 'log_count/INFO': 7,
 'log_count/WARNING': 1,
 'response_received_count': 1,
 'scheduler/dequeued': 3,
 'scheduler/dequeued/memory': 3,
 'scheduler/enqueued': 3,
 'scheduler/enqueued/memory': 3,
 'start_time': datetime.datetime(2016, 2, 9, 17, 17, 50, 716005)}
2016-02-09 17:18:00 [scrapy] INFO: Spider closed (finished)
2016-02-09 17:19:33 [scrapy] INFO: Scrapy 1.0.4 started (bot: kickass)
2016-02-09 17:19:33 [scrapy] INFO: Optional features available: ssl, http11
2016-02-09 17:19:33 [scrapy] INFO: Overridden settings: {'NEWSPIDER_MODULE': 'kickass.spiders', 'CONCURRENT_REQUESTS_PER_DOMAIN': 1, 'RANDOMIZE_DOWNLOAD_DELAY': False, 'SPIDER_MODULES': ['kickass.spiders'], 'BOT_NAME': 'kickass', 'USER_AGENT': 'http://www.kickass.to)', 'LOG_FILE': './kickass.log', 'DOWNLOAD_DELAY': 5}
2016-02-09 17:19:33 [scrapy] INFO: Enabled extensions: CloseSpider, TelnetConsole, LogStats, CoreStats, SpiderState
2016-02-09 17:19:33 [scrapy] INFO: Enabled downloader middlewares: HttpAuthMiddleware, DownloadTimeoutMiddleware, UserAgentMiddleware, RetryMiddleware, DefaultHeadersMiddleware, MetaRefreshMiddleware, HttpCompressionMiddleware, RedirectMiddleware, CookiesMiddleware, ChunkedTransferMiddleware, DownloaderStats
2016-02-09 17:19:33 [scrapy] INFO: Enabled spider middlewares: HttpErrorMiddleware, OffsiteMiddleware, RefererMiddleware, UrlLengthMiddleware, DepthMiddleware
2016-02-09 17:19:33 [py.warnings] WARNING: /usr/local/lib/python2.7/dist-packages/scrapy/pipelines/__init__.py:21: ScrapyDeprecationWarning: ITEM_PIPELINES defined as a list or a set is deprecated, switch to a dict
  category=ScrapyDeprecationWarning, stacklevel=1)

2016-02-09 17:19:33 [scrapy] INFO: Enabled item pipelines: KickassPipeline
2016-02-09 17:19:33 [scrapy] INFO: Spider opened
2016-02-09 17:19:33 [scrapy] INFO: Crawled 0 pages (at 0 pages/min), scraped 0 items (at 0 items/min)
2016-02-09 17:19:33 [scrapy] DEBUG: Telnet console listening on 127.0.0.1:6023
2016-02-09 17:19:33 [scrapy] DEBUG: Redirecting (301) to <GET http://kat.cr/usearch/the%20witness%20category:games/?field=seeders&sorder=desc> from <GET http://kat.ph/usearch/the%20witness%20category:games/?field=seeders&sorder=desc>
2016-02-09 17:20:33 [scrapy] INFO: Crawled 0 pages (at 0 pages/min), scraped 0 items (at 0 items/min)
2016-02-09 17:20:46 [scrapy] INFO: Received SIGINT, shutting down gracefully. Send again to force 
2016-02-09 17:20:46 [scrapy] INFO: Closing spider (shutdown)
2016-02-09 17:20:47 [scrapy] INFO: Received SIGINT twice, forcing unclean shutdown
2016-02-09 17:20:47 [scrapy] DEBUG: Retrying <GET http://kat.cr/usearch/the%20witness%20category:games/?field=seeders&sorder=desc> (failed 1 times): An error occurred while connecting: [Failure instance: Traceback (failure with no frames): <class 'twisted.internet.error.ConnectionLost'>: Connection to the other side was lost in a non-clean fashion: Connection lost.
].
2016-02-09 17:20:47 [scrapy] INFO: Dumping Scrapy stats:
{'downloader/exception_count': 1,
 'downloader/exception_type_count/twisted.internet.error.ConnectError': 1,
 'downloader/request_bytes': 516,
 'downloader/request_count': 2,
 'downloader/request_method_count/GET': 2,
 'downloader/response_bytes': 380,
 'downloader/response_count': 1,
 'downloader/response_status_count/301': 1,
 'finish_reason': 'shutdown',
 'finish_time': datetime.datetime(2016, 2, 9, 17, 20, 47, 98988),
 'log_count/DEBUG': 3,
 'log_count/INFO': 10,
 'log_count/WARNING': 1,
 'scheduler/dequeued': 2,
 'scheduler/dequeued/memory': 2,
 'scheduler/enqueued': 3,
 'scheduler/enqueued/memory': 3,
 'start_time': datetime.datetime(2016, 2, 9, 17, 19, 33, 616167)}
2016-02-09 17:20:47 [scrapy] INFO: Spider closed (shutdown)
2016-02-09 17:20:57 [scrapy] INFO: Scrapy 1.0.4 started (bot: kickass)
2016-02-09 17:20:57 [scrapy] INFO: Optional features available: ssl, http11
2016-02-09 17:20:57 [scrapy] INFO: Overridden settings: {'NEWSPIDER_MODULE': 'kickass.spiders', 'CONCURRENT_REQUESTS_PER_DOMAIN': 1, 'RANDOMIZE_DOWNLOAD_DELAY': False, 'SPIDER_MODULES': ['kickass.spiders'], 'BOT_NAME': 'kickass', 'USER_AGENT': 'http://www.kickass.to)', 'LOG_FILE': './kickass.log', 'DOWNLOAD_DELAY': 5}
2016-02-09 17:20:57 [scrapy] INFO: Enabled extensions: CloseSpider, TelnetConsole, LogStats, CoreStats, SpiderState
2016-02-09 17:20:57 [scrapy] INFO: Enabled downloader middlewares: HttpAuthMiddleware, DownloadTimeoutMiddleware, UserAgentMiddleware, RetryMiddleware, DefaultHeadersMiddleware, MetaRefreshMiddleware, HttpCompressionMiddleware, RedirectMiddleware, CookiesMiddleware, ChunkedTransferMiddleware, DownloaderStats
2016-02-09 17:20:57 [scrapy] INFO: Enabled spider middlewares: HttpErrorMiddleware, OffsiteMiddleware, RefererMiddleware, UrlLengthMiddleware, DepthMiddleware
2016-02-09 17:20:57 [py.warnings] WARNING: /usr/local/lib/python2.7/dist-packages/scrapy/pipelines/__init__.py:21: ScrapyDeprecationWarning: ITEM_PIPELINES defined as a list or a set is deprecated, switch to a dict
  category=ScrapyDeprecationWarning, stacklevel=1)

2016-02-09 17:20:57 [scrapy] INFO: Enabled item pipelines: KickassPipeline
2016-02-09 17:20:57 [scrapy] INFO: Spider opened
2016-02-09 17:20:57 [scrapy] INFO: Crawled 0 pages (at 0 pages/min), scraped 0 items (at 0 items/min)
2016-02-09 17:20:57 [scrapy] DEBUG: Telnet console listening on 127.0.0.1:6023
2016-02-09 17:21:57 [scrapy] INFO: Crawled 0 pages (at 0 pages/min), scraped 0 items (at 0 items/min)
2016-02-09 17:22:30 [scrapy] INFO: Received SIGINT, shutting down gracefully. Send again to force 
2016-02-09 17:22:30 [scrapy] INFO: Closing spider (shutdown)
2016-02-09 17:22:32 [scrapy] INFO: Received SIGINT twice, forcing unclean shutdown
2016-02-09 17:22:32 [scrapy] DEBUG: Retrying <GET http://kat.ph/usearch/the%20witness%20category:games/?field=seeders&sorder=desc> (failed 1 times): An error occurred while connecting: [Failure instance: Traceback (failure with no frames): <class 'twisted.internet.error.ConnectionLost'>: Connection to the other side was lost in a non-clean fashion: Connection lost.
].
2016-02-09 17:22:32 [scrapy] INFO: Dumping Scrapy stats:
{'downloader/exception_count': 1,
 'downloader/exception_type_count/twisted.internet.error.ConnectError': 1,
 'downloader/request_bytes': 258,
 'downloader/request_count': 1,
 'downloader/request_method_count/GET': 1,
 'finish_reason': 'shutdown',
 'finish_time': datetime.datetime(2016, 2, 9, 17, 22, 32, 137752),
 'log_count/DEBUG': 2,
 'log_count/INFO': 10,
 'log_count/WARNING': 1,
 'scheduler/dequeued': 1,
 'scheduler/dequeued/memory': 1,
 'scheduler/enqueued': 2,
 'scheduler/enqueued/memory': 2,
 'start_time': datetime.datetime(2016, 2, 9, 17, 20, 57, 656244)}
2016-02-09 17:22:32 [scrapy] INFO: Spider closed (shutdown)
2016-02-09 17:22:38 [scrapy] INFO: Scrapy 1.0.4 started (bot: kickass)
2016-02-09 17:22:38 [scrapy] INFO: Optional features available: ssl, http11
2016-02-09 17:22:38 [scrapy] INFO: Overridden settings: {'NEWSPIDER_MODULE': 'kickass.spiders', 'CONCURRENT_REQUESTS_PER_DOMAIN': 1, 'RANDOMIZE_DOWNLOAD_DELAY': False, 'SPIDER_MODULES': ['kickass.spiders'], 'BOT_NAME': 'kickass', 'USER_AGENT': 'http://www.kickass.to)', 'LOG_FILE': './kickass.log', 'DOWNLOAD_DELAY': 5}
2016-02-09 17:22:38 [scrapy] INFO: Enabled extensions: CloseSpider, TelnetConsole, LogStats, CoreStats, SpiderState
2016-02-09 17:22:38 [scrapy] INFO: Enabled downloader middlewares: HttpAuthMiddleware, DownloadTimeoutMiddleware, UserAgentMiddleware, RetryMiddleware, DefaultHeadersMiddleware, MetaRefreshMiddleware, HttpCompressionMiddleware, RedirectMiddleware, CookiesMiddleware, ChunkedTransferMiddleware, DownloaderStats
2016-02-09 17:22:38 [scrapy] INFO: Enabled spider middlewares: HttpErrorMiddleware, OffsiteMiddleware, RefererMiddleware, UrlLengthMiddleware, DepthMiddleware
2016-02-09 17:22:38 [py.warnings] WARNING: /usr/local/lib/python2.7/dist-packages/scrapy/pipelines/__init__.py:21: ScrapyDeprecationWarning: ITEM_PIPELINES defined as a list or a set is deprecated, switch to a dict
  category=ScrapyDeprecationWarning, stacklevel=1)

2016-02-09 17:22:38 [scrapy] INFO: Enabled item pipelines: KickassPipeline
2016-02-09 17:22:38 [scrapy] INFO: Spider opened
2016-02-09 17:22:38 [scrapy] INFO: Crawled 0 pages (at 0 pages/min), scraped 0 items (at 0 items/min)
2016-02-09 17:22:38 [scrapy] DEBUG: Telnet console listening on 127.0.0.1:6023
2016-02-09 17:22:38 [scrapy] DEBUG: Redirecting (301) to <GET http://kat.cr/usearch/the%20witness%20category:games/?field=seeders&sorder=desc> from <GET http://kat.ph/usearch/the%20witness%20category:games/?field=seeders&sorder=desc>
2016-02-09 17:22:43 [scrapy] DEBUG: Redirecting (301) to <GET https://kat.cr/usearch/the%20witness%20category:games/?field=seeders&sorder=desc> from <GET http://kat.cr/usearch/the%20witness%20category:games/?field=seeders&sorder=desc>
2016-02-09 17:22:49 [scrapy] DEBUG: Crawled (200) <GET https://kat.cr/usearch/the%20witness%20category:games/?field=seeders&sorder=desc> (referer: None)
2016-02-09 17:22:49 [py.warnings] WARNING: /home/freitas/Downloads/kickass/kickass/spiders/kickass_spider.py:43: ScrapyDeprecationWarning: Call to deprecated function select. Use .xpath() instead.
  item['title'] = entry.select('td[1]/div[2]/div[1]/a[1]/text()').extract()

2016-02-09 17:22:49 [py.warnings] WARNING: /home/freitas/Downloads/kickass/kickass/spiders/kickass_spider.py:45: ScrapyDeprecationWarning: Call to deprecated function select. Use .xpath() instead.
  item['url'] = entry.select('td[1]/div[2]/a[2]/@href').extract()

2016-02-09 17:22:49 [py.warnings] WARNING: /home/freitas/Downloads/kickass/kickass/spiders/kickass_spider.py:47: ScrapyDeprecationWarning: Call to deprecated function select. Use .xpath() instead.
  item['torrent'] = entry.select('td[1]/div[1]/a[starts-with(@title,"Download torrent file")]/@href').extract()

2016-02-09 17:22:49 [py.warnings] WARNING: /home/freitas/Downloads/kickass/kickass/spiders/kickass_spider.py:49: ScrapyDeprecationWarning: Call to deprecated function select. Use .xpath() instead.
  item['size'] = entry.select('td[2]/text()[1]').extract()

2016-02-09 17:22:49 [py.warnings] WARNING: /home/freitas/Downloads/kickass/kickass/spiders/kickass_spider.py:51: ScrapyDeprecationWarning: Call to deprecated function select. Use .xpath() instead.
  item['sizeType'] = entry.select('td[2]/span/text()').extract()

2016-02-09 17:22:49 [py.warnings] WARNING: /home/freitas/Downloads/kickass/kickass/spiders/kickass_spider.py:53: ScrapyDeprecationWarning: Call to deprecated function select. Use .xpath() instead.
  item['age'] = entry.select('td[4]/text()').extract()

2016-02-09 17:22:49 [py.warnings] WARNING: /home/freitas/Downloads/kickass/kickass/spiders/kickass_spider.py:55: ScrapyDeprecationWarning: Call to deprecated function select. Use .xpath() instead.
  item['seed'] = entry.select('td[5]/text()').extract()

2016-02-09 17:22:49 [py.warnings] WARNING: /home/freitas/Downloads/kickass/kickass/spiders/kickass_spider.py:57: ScrapyDeprecationWarning: Call to deprecated function select. Use .xpath() instead.
  item['leech'] = entry.select('td[6]/text()').extract()

2016-02-09 17:23:10 [scrapy] DEBUG: Scraped from <200 https://kat.cr/usearch/the%20witness%20category:games/?field=seeders&sorder=desc>
{'age': u'1\xa0week',
 'leech': u'89',
 'seed': u'968',
 'size': u'3.63 ',
 'sizeType': u'GB',
 'title': u'.-HI2U',
 'torrent': u'//torcache.net/torrent/F2CBE4933590A5B9B61AC4DED7D8F1FA58A87577.torrent?title=[kat.cr]the.witness.hi2u',
 'url': u'/the-witness-hi2u-t11969692.html'}
2016-02-09 17:23:10 [scrapy] INFO: Closing spider (finished)
2016-02-09 17:23:10 [scrapy] INFO: Dumping Scrapy stats:
{'downloader/request_bytes': 774,
 'downloader/request_count': 3,
 'downloader/request_method_count/GET': 3,
 'downloader/response_bytes': 12327,
 'downloader/response_count': 3,
 'downloader/response_status_count/200': 1,
 'downloader/response_status_count/301': 2,
 'finish_reason': 'finished',
 'finish_time': datetime.datetime(2016, 2, 9, 17, 23, 10, 468196),
 'item_scraped_count': 1,
 'log_count/DEBUG': 5,
 'log_count/INFO': 7,
 'log_count/WARNING': 9,
 'response_received_count': 1,
 'scheduler/dequeued': 3,
 'scheduler/dequeued/memory': 3,
 'scheduler/enqueued': 3,
 'scheduler/enqueued/memory': 3,
 'start_time': datetime.datetime(2016, 2, 9, 17, 22, 38, 561958)}
2016-02-09 17:23:10 [scrapy] INFO: Spider closed (finished)
2016-02-09 19:19:43 [scrapy] INFO: Scrapy 1.0.4 started (bot: kickass)
2016-02-09 19:19:43 [scrapy] INFO: Optional features available: ssl, http11
2016-02-09 19:19:43 [scrapy] INFO: Overridden settings: {'NEWSPIDER_MODULE': 'kickass.spiders', 'CONCURRENT_REQUESTS_PER_DOMAIN': 1, 'RANDOMIZE_DOWNLOAD_DELAY': False, 'SPIDER_MODULES': ['kickass.spiders'], 'BOT_NAME': 'kickass', 'USER_AGENT': 'http://www.kickass.to)', 'LOG_FILE': './kickass.log', 'DOWNLOAD_DELAY': 5}
2016-02-09 19:19:44 [scrapy] INFO: Enabled extensions: CloseSpider, TelnetConsole, LogStats, CoreStats, SpiderState
2016-02-09 19:19:44 [scrapy] INFO: Enabled downloader middlewares: HttpAuthMiddleware, DownloadTimeoutMiddleware, UserAgentMiddleware, RetryMiddleware, DefaultHeadersMiddleware, MetaRefreshMiddleware, HttpCompressionMiddleware, RedirectMiddleware, CookiesMiddleware, ChunkedTransferMiddleware, DownloaderStats
2016-02-09 19:19:44 [scrapy] INFO: Enabled spider middlewares: HttpErrorMiddleware, OffsiteMiddleware, RefererMiddleware, UrlLengthMiddleware, DepthMiddleware
2016-02-09 19:19:44 [py.warnings] WARNING: /usr/local/lib/python2.7/dist-packages/scrapy/pipelines/__init__.py:21: ScrapyDeprecationWarning: ITEM_PIPELINES defined as a list or a set is deprecated, switch to a dict
  category=ScrapyDeprecationWarning, stacklevel=1)

2016-02-09 19:19:44 [scrapy] INFO: Enabled item pipelines: KickassPipeline
2016-02-09 19:19:44 [scrapy] INFO: Spider opened
2016-02-09 19:19:44 [scrapy] INFO: Crawled 0 pages (at 0 pages/min), scraped 0 items (at 0 items/min)
2016-02-09 19:19:44 [scrapy] DEBUG: Telnet console listening on 127.0.0.1:6023
2016-02-09 19:19:45 [scrapy] DEBUG: Redirecting (301) to <GET http://kat.cr/usearch/one%20punch%20man%20category:anime/?field=seeders&sorder=desc> from <GET http://kat.ph/usearch/one%20punch%20man%20category:anime/?field=seeders&sorder=desc>
2016-02-09 19:19:53 [scrapy] DEBUG: Redirecting (301) to <GET https://kat.cr/usearch/one%20punch%20man%20category:anime/?field=seeders&sorder=desc> from <GET http://kat.cr/usearch/one%20punch%20man%20category:anime/?field=seeders&sorder=desc>
2016-02-09 19:19:55 [scrapy] DEBUG: Crawled (200) <GET https://kat.cr/usearch/one%20punch%20man%20category:anime/?field=seeders&sorder=desc> (referer: None)
2016-02-09 19:19:56 [py.warnings] WARNING: /home/freitas/Downloads/kickass/kickass/spiders/kickass_spider.py:44: ScrapyDeprecationWarning: Call to deprecated function select. Use .xpath() instead.
  item['title'] = entry.select('td[1]/div[2]/div[1]/a[1]/text()').extract()

2016-02-09 19:19:56 [py.warnings] WARNING: /home/freitas/Downloads/kickass/kickass/spiders/kickass_spider.py:46: ScrapyDeprecationWarning: Call to deprecated function select. Use .xpath() instead.
  item['url'] = entry.select('td[1]/div[2]/a[2]/@href').extract()

2016-02-09 19:19:56 [py.warnings] WARNING: /home/freitas/Downloads/kickass/kickass/spiders/kickass_spider.py:48: ScrapyDeprecationWarning: Call to deprecated function select. Use .xpath() instead.
  item['torrent'] = entry.select('td[1]/div[1]/a[starts-with(@title,"Download torrent file")]/@href').extract()

2016-02-09 19:19:56 [py.warnings] WARNING: /home/freitas/Downloads/kickass/kickass/spiders/kickass_spider.py:50: ScrapyDeprecationWarning: Call to deprecated function select. Use .xpath() instead.
  item['size'] = entry.select('td[2]/text()[1]').extract()

2016-02-09 19:19:56 [py.warnings] WARNING: /home/freitas/Downloads/kickass/kickass/spiders/kickass_spider.py:52: ScrapyDeprecationWarning: Call to deprecated function select. Use .xpath() instead.
  item['sizeType'] = entry.select('td[2]/span/text()').extract()

2016-02-09 19:19:56 [py.warnings] WARNING: /home/freitas/Downloads/kickass/kickass/spiders/kickass_spider.py:54: ScrapyDeprecationWarning: Call to deprecated function select. Use .xpath() instead.
  item['age'] = entry.select('td[4]/text()').extract()

2016-02-09 19:19:56 [py.warnings] WARNING: /home/freitas/Downloads/kickass/kickass/spiders/kickass_spider.py:56: ScrapyDeprecationWarning: Call to deprecated function select. Use .xpath() instead.
  item['seed'] = entry.select('td[5]/text()').extract()

2016-02-09 19:19:56 [py.warnings] WARNING: /home/freitas/Downloads/kickass/kickass/spiders/kickass_spider.py:58: ScrapyDeprecationWarning: Call to deprecated function select. Use .xpath() instead.
  item['leech'] = entry.select('td[6]/text()').extract()

2016-02-09 19:19:56 [scrapy] ERROR: Spider error processing <GET https://kat.cr/usearch/one%20punch%20man%20category:anime/?field=seeders&sorder=desc> (referer: None)
Traceback (most recent call last):
  File "/usr/local/lib/python2.7/dist-packages/twisted/internet/defer.py", line 588, in _runCallbacks
    current.result = callback(current.result, *args, **kw)
  File "/home/freitas/Downloads/kickass/kickass/spiders/kickass_spider.py", line 61, in parse
    print n +' Title -> '+item['title'] +"		-> Size: " + item['size'] + " " + item['sizeType'] + bcolors.OKGREEN + "		-> Seed: " + item['seed'] + bcolors.FAIL + "		-> Leech: " + item['leech'] + bcolors.ENDC
TypeError: unsupported operand type(s) for +: 'int' and 'str'
2016-02-09 19:19:56 [scrapy] INFO: Closing spider (finished)
2016-02-09 19:19:56 [scrapy] INFO: Dumping Scrapy stats:
{'downloader/request_bytes': 786,
 'downloader/request_count': 3,
 'downloader/request_method_count/GET': 3,
 'downloader/response_bytes': 15452,
 'downloader/response_count': 3,
 'downloader/response_status_count/200': 1,
 'downloader/response_status_count/301': 2,
 'finish_reason': 'finished',
 'finish_time': datetime.datetime(2016, 2, 9, 19, 19, 56, 216121),
 'log_count/DEBUG': 4,
 'log_count/ERROR': 1,
 'log_count/INFO': 7,
 'log_count/WARNING': 9,
 'response_received_count': 1,
 'scheduler/dequeued': 3,
 'scheduler/dequeued/memory': 3,
 'scheduler/enqueued': 3,
 'scheduler/enqueued/memory': 3,
 'spider_exceptions/TypeError': 1,
 'start_time': datetime.datetime(2016, 2, 9, 19, 19, 44, 828565)}
2016-02-09 19:19:56 [scrapy] INFO: Spider closed (finished)
2016-02-09 19:22:09 [scrapy] INFO: Scrapy 1.0.4 started (bot: kickass)
2016-02-09 19:22:09 [scrapy] INFO: Optional features available: ssl, http11
2016-02-09 19:22:09 [scrapy] INFO: Overridden settings: {'NEWSPIDER_MODULE': 'kickass.spiders', 'CONCURRENT_REQUESTS_PER_DOMAIN': 1, 'RANDOMIZE_DOWNLOAD_DELAY': False, 'SPIDER_MODULES': ['kickass.spiders'], 'BOT_NAME': 'kickass', 'USER_AGENT': 'http://www.kickass.to)', 'LOG_FILE': './kickass.log', 'DOWNLOAD_DELAY': 5}
2016-02-09 19:22:10 [scrapy] INFO: Enabled extensions: CloseSpider, TelnetConsole, LogStats, CoreStats, SpiderState
2016-02-09 19:22:10 [scrapy] INFO: Enabled downloader middlewares: HttpAuthMiddleware, DownloadTimeoutMiddleware, UserAgentMiddleware, RetryMiddleware, DefaultHeadersMiddleware, MetaRefreshMiddleware, HttpCompressionMiddleware, RedirectMiddleware, CookiesMiddleware, ChunkedTransferMiddleware, DownloaderStats
2016-02-09 19:22:10 [scrapy] INFO: Enabled spider middlewares: HttpErrorMiddleware, OffsiteMiddleware, RefererMiddleware, UrlLengthMiddleware, DepthMiddleware
2016-02-09 19:22:10 [py.warnings] WARNING: /usr/local/lib/python2.7/dist-packages/scrapy/pipelines/__init__.py:21: ScrapyDeprecationWarning: ITEM_PIPELINES defined as a list or a set is deprecated, switch to a dict
  category=ScrapyDeprecationWarning, stacklevel=1)

2016-02-09 19:22:10 [scrapy] INFO: Enabled item pipelines: KickassPipeline
2016-02-09 19:22:10 [scrapy] INFO: Spider opened
2016-02-09 19:22:10 [scrapy] INFO: Crawled 0 pages (at 0 pages/min), scraped 0 items (at 0 items/min)
2016-02-09 19:22:10 [scrapy] DEBUG: Telnet console listening on 127.0.0.1:6023
2016-02-09 19:22:10 [scrapy] DEBUG: Redirecting (301) to <GET http://kat.cr/usearch/one%20punch%20man%20category:anime/?field=seeders&sorder=desc> from <GET http://kat.ph/usearch/one%20punch%20man%20category:anime/?field=seeders&sorder=desc>
2016-02-09 19:22:15 [scrapy] DEBUG: Redirecting (301) to <GET https://kat.cr/usearch/one%20punch%20man%20category:anime/?field=seeders&sorder=desc> from <GET http://kat.cr/usearch/one%20punch%20man%20category:anime/?field=seeders&sorder=desc>
2016-02-09 19:22:21 [scrapy] DEBUG: Crawled (200) <GET https://kat.cr/usearch/one%20punch%20man%20category:anime/?field=seeders&sorder=desc> (referer: None)
2016-02-09 19:22:21 [py.warnings] WARNING: /home/freitas/Downloads/kickass/kickass/spiders/kickass_spider.py:44: ScrapyDeprecationWarning: Call to deprecated function select. Use .xpath() instead.
  item['title'] = entry.select('td[1]/div[2]/div[1]/a[1]/text()').extract()

2016-02-09 19:22:21 [py.warnings] WARNING: /home/freitas/Downloads/kickass/kickass/spiders/kickass_spider.py:46: ScrapyDeprecationWarning: Call to deprecated function select. Use .xpath() instead.
  item['url'] = entry.select('td[1]/div[2]/a[2]/@href').extract()

2016-02-09 19:22:21 [py.warnings] WARNING: /home/freitas/Downloads/kickass/kickass/spiders/kickass_spider.py:48: ScrapyDeprecationWarning: Call to deprecated function select. Use .xpath() instead.
  item['torrent'] = entry.select('td[1]/div[1]/a[starts-with(@title,"Download torrent file")]/@href').extract()

2016-02-09 19:22:21 [py.warnings] WARNING: /home/freitas/Downloads/kickass/kickass/spiders/kickass_spider.py:50: ScrapyDeprecationWarning: Call to deprecated function select. Use .xpath() instead.
  item['size'] = entry.select('td[2]/text()[1]').extract()

2016-02-09 19:22:21 [py.warnings] WARNING: /home/freitas/Downloads/kickass/kickass/spiders/kickass_spider.py:52: ScrapyDeprecationWarning: Call to deprecated function select. Use .xpath() instead.
  item['sizeType'] = entry.select('td[2]/span/text()').extract()

2016-02-09 19:22:21 [py.warnings] WARNING: /home/freitas/Downloads/kickass/kickass/spiders/kickass_spider.py:54: ScrapyDeprecationWarning: Call to deprecated function select. Use .xpath() instead.
  item['age'] = entry.select('td[4]/text()').extract()

2016-02-09 19:22:21 [py.warnings] WARNING: /home/freitas/Downloads/kickass/kickass/spiders/kickass_spider.py:56: ScrapyDeprecationWarning: Call to deprecated function select. Use .xpath() instead.
  item['seed'] = entry.select('td[5]/text()').extract()

2016-02-09 19:22:21 [py.warnings] WARNING: /home/freitas/Downloads/kickass/kickass/spiders/kickass_spider.py:58: ScrapyDeprecationWarning: Call to deprecated function select. Use .xpath() instead.
  item['leech'] = entry.select('td[6]/text()').extract()

2016-02-09 19:22:48 [scrapy] DEBUG: Scraped from <200 https://kat.cr/usearch/one%20punch%20man%20category:anime/?field=seeders&sorder=desc>
{'age': u'2\xa0months',
 'leech': u'0',
 'seed': u'40',
 'size': u'518.64 ',
 'sizeType': u'MB',
 'title': u'[AnimeRG]    - 08 (1080p) [KoTuWa]',
 'torrent': u'//torcache.net/torrent/ED5466FAD1FC561976FABEA4812354C47A14E3ED.torrent?title=[kat.cr]animerg.one.punch.man.08.1080p.kotuwa',
 'url': u'/animerg-one-punch-man-08-1080p-kotuwa-t11637011.html'}
2016-02-09 19:22:48 [scrapy] INFO: Closing spider (finished)
2016-02-09 19:22:48 [scrapy] INFO: Dumping Scrapy stats:
{'downloader/request_bytes': 786,
 'downloader/request_count': 3,
 'downloader/request_method_count/GET': 3,
 'downloader/response_bytes': 15574,
 'downloader/response_count': 3,
 'downloader/response_status_count/200': 1,
 'downloader/response_status_count/301': 2,
 'finish_reason': 'finished',
 'finish_time': datetime.datetime(2016, 2, 9, 19, 22, 48, 992365),
 'item_scraped_count': 1,
 'log_count/DEBUG': 5,
 'log_count/INFO': 7,
 'log_count/WARNING': 9,
 'response_received_count': 1,
 'scheduler/dequeued': 3,
 'scheduler/dequeued/memory': 3,
 'scheduler/enqueued': 3,
 'scheduler/enqueued/memory': 3,
 'start_time': datetime.datetime(2016, 2, 9, 19, 22, 10, 115643)}
2016-02-09 19:22:48 [scrapy] INFO: Spider closed (finished)
2016-02-09 19:23:03 [scrapy] INFO: Scrapy 1.0.4 started (bot: kickass)
2016-02-09 19:23:03 [scrapy] INFO: Optional features available: ssl, http11
2016-02-09 19:23:03 [scrapy] INFO: Overridden settings: {'NEWSPIDER_MODULE': 'kickass.spiders', 'CONCURRENT_REQUESTS_PER_DOMAIN': 1, 'RANDOMIZE_DOWNLOAD_DELAY': False, 'SPIDER_MODULES': ['kickass.spiders'], 'BOT_NAME': 'kickass', 'USER_AGENT': 'http://www.kickass.to)', 'LOG_FILE': './kickass.log', 'DOWNLOAD_DELAY': 5}
2016-02-09 19:23:03 [scrapy] INFO: Enabled extensions: CloseSpider, TelnetConsole, LogStats, CoreStats, SpiderState
2016-02-09 19:23:03 [scrapy] INFO: Enabled downloader middlewares: HttpAuthMiddleware, DownloadTimeoutMiddleware, UserAgentMiddleware, RetryMiddleware, DefaultHeadersMiddleware, MetaRefreshMiddleware, HttpCompressionMiddleware, RedirectMiddleware, CookiesMiddleware, ChunkedTransferMiddleware, DownloaderStats
2016-02-09 19:23:03 [scrapy] INFO: Enabled spider middlewares: HttpErrorMiddleware, OffsiteMiddleware, RefererMiddleware, UrlLengthMiddleware, DepthMiddleware
2016-02-09 19:23:03 [py.warnings] WARNING: /usr/local/lib/python2.7/dist-packages/scrapy/pipelines/__init__.py:21: ScrapyDeprecationWarning: ITEM_PIPELINES defined as a list or a set is deprecated, switch to a dict
  category=ScrapyDeprecationWarning, stacklevel=1)

2016-02-09 19:23:03 [scrapy] INFO: Enabled item pipelines: KickassPipeline
2016-02-09 19:23:03 [scrapy] INFO: Spider opened
2016-02-09 19:23:03 [scrapy] INFO: Crawled 0 pages (at 0 pages/min), scraped 0 items (at 0 items/min)
2016-02-09 19:23:03 [scrapy] DEBUG: Telnet console listening on 127.0.0.1:6023
2016-02-09 19:23:03 [scrapy] DEBUG: Redirecting (301) to <GET http://kat.cr/usearch/one%20punch%20man%20category:anime/?field=seeders&sorder=desc> from <GET http://kat.ph/usearch/one%20punch%20man%20category:anime/?field=seeders&sorder=desc>
2016-02-09 19:23:08 [scrapy] DEBUG: Redirecting (301) to <GET https://kat.cr/usearch/one%20punch%20man%20category:anime/?field=seeders&sorder=desc> from <GET http://kat.cr/usearch/one%20punch%20man%20category:anime/?field=seeders&sorder=desc>
2016-02-09 19:23:14 [scrapy] DEBUG: Crawled (200) <GET https://kat.cr/usearch/one%20punch%20man%20category:anime/?field=seeders&sorder=desc> (referer: None)
2016-02-09 19:23:14 [py.warnings] WARNING: /home/freitas/Downloads/kickass/kickass/spiders/kickass_spider.py:44: ScrapyDeprecationWarning: Call to deprecated function select. Use .xpath() instead.
  item['title'] = entry.select('td[1]/div[2]/div[1]/a[1]/text()').extract()

2016-02-09 19:23:14 [py.warnings] WARNING: /home/freitas/Downloads/kickass/kickass/spiders/kickass_spider.py:46: ScrapyDeprecationWarning: Call to deprecated function select. Use .xpath() instead.
  item['url'] = entry.select('td[1]/div[2]/a[2]/@href').extract()

2016-02-09 19:23:14 [py.warnings] WARNING: /home/freitas/Downloads/kickass/kickass/spiders/kickass_spider.py:48: ScrapyDeprecationWarning: Call to deprecated function select. Use .xpath() instead.
  item['torrent'] = entry.select('td[1]/div[1]/a[starts-with(@title,"Download torrent file")]/@href').extract()

2016-02-09 19:23:14 [py.warnings] WARNING: /home/freitas/Downloads/kickass/kickass/spiders/kickass_spider.py:50: ScrapyDeprecationWarning: Call to deprecated function select. Use .xpath() instead.
  item['size'] = entry.select('td[2]/text()[1]').extract()

2016-02-09 19:23:14 [py.warnings] WARNING: /home/freitas/Downloads/kickass/kickass/spiders/kickass_spider.py:52: ScrapyDeprecationWarning: Call to deprecated function select. Use .xpath() instead.
  item['sizeType'] = entry.select('td[2]/span/text()').extract()

2016-02-09 19:23:14 [py.warnings] WARNING: /home/freitas/Downloads/kickass/kickass/spiders/kickass_spider.py:54: ScrapyDeprecationWarning: Call to deprecated function select. Use .xpath() instead.
  item['age'] = entry.select('td[4]/text()').extract()

2016-02-09 19:23:14 [py.warnings] WARNING: /home/freitas/Downloads/kickass/kickass/spiders/kickass_spider.py:56: ScrapyDeprecationWarning: Call to deprecated function select. Use .xpath() instead.
  item['seed'] = entry.select('td[5]/text()').extract()

2016-02-09 19:23:14 [py.warnings] WARNING: /home/freitas/Downloads/kickass/kickass/spiders/kickass_spider.py:58: ScrapyDeprecationWarning: Call to deprecated function select. Use .xpath() instead.
  item['leech'] = entry.select('td[6]/text()').extract()

2016-02-09 19:23:50 [scrapy] DEBUG: Scraped from <200 https://kat.cr/usearch/one%20punch%20man%20category:anime/?field=seeders&sorder=desc>
{'age': u'1\xa0month',
 'leech': u'17',
 'seed': u'41',
 'size': u'2.8 ',
 'sizeType': u'GB',
 'title': u'[Blaze077]    (2015) [720p][Complete]',
 'torrent': u'//torcache.net/torrent/1F7CA5CE91359701460F5B9139140D45E8F2F059.torrent?title=[kat.cr]blaze077.one.punch.man.2015.720p.complete',
 'url': u'/blaze077-one-punch-man-2015-720p-complete-t11786887.html'}
2016-02-09 19:23:50 [scrapy] INFO: Closing spider (finished)
2016-02-09 19:23:50 [scrapy] INFO: Dumping Scrapy stats:
{'downloader/request_bytes': 786,
 'downloader/request_count': 3,
 'downloader/request_method_count/GET': 3,
 'downloader/response_bytes': 15496,
 'downloader/response_count': 3,
 'downloader/response_status_count/200': 1,
 'downloader/response_status_count/301': 2,
 'finish_reason': 'finished',
 'finish_time': datetime.datetime(2016, 2, 9, 19, 23, 50, 216405),
 'item_scraped_count': 1,
 'log_count/DEBUG': 5,
 'log_count/INFO': 7,
 'log_count/WARNING': 9,
 'response_received_count': 1,
 'scheduler/dequeued': 3,
 'scheduler/dequeued/memory': 3,
 'scheduler/enqueued': 3,
 'scheduler/enqueued/memory': 3,
 'start_time': datetime.datetime(2016, 2, 9, 19, 23, 3, 396251)}
2016-02-09 19:23:50 [scrapy] INFO: Spider closed (finished)
